<?xml version="1.0" encoding="UTF-8"?>
<testng-results skipped="0" failed="0" ignored="0" total="3" passed="3">
  <reporter-output>
  </reporter-output>
  <suite name="Default suite" duration-ms="109" started-at="2020-01-29T06:40:48 EST" finished-at="2020-01-29T06:40:48 EST">
    <groups>
    </groups>
    <test name="Default test" duration-ms="109" started-at="2020-01-29T06:40:48 EST" finished-at="2020-01-29T06:40:48 EST">
      <class name="p2.class2">
        <test-method status="PASS" signature="tc004()[pri:0, instance:p2.class2@6ddf90b0]" name="tc004" duration-ms="24" started-at="2020-01-29T06:40:48 EST" finished-at="2020-01-29T06:40:48 EST">
          <reporter-output>
          </reporter-output>
        </test-method> <!-- tc004 -->
        <test-method status="PASS" signature="tc005()[pri:0, instance:p2.class2@6ddf90b0]" name="tc005" duration-ms="0" started-at="2020-01-29T06:40:48 EST" finished-at="2020-01-29T06:40:48 EST">
          <reporter-output>
          </reporter-output>
        </test-method> <!-- tc005 -->
        <test-method status="PASS" signature="tc006()[pri:0, instance:p2.class2@6ddf90b0]" name="tc006" duration-ms="4" started-at="2020-01-29T06:40:48 EST" finished-at="2020-01-29T06:40:48 EST">
          <reporter-output>
          </reporter-output>
        </test-method> <!-- tc006 -->
      </class> <!-- p2.class2 -->
    </test> <!-- Default test -->
  </suite> <!-- Default suite -->
</testng-results>
